#
# There is insufficient memory for the Java Runtime Environment to continue.
# Native memory allocation (mmap) failed to map 65011712 bytes for G1 virtual space
# Possible reasons:
#   The system is out of physical RAM or swap space
#   The process is running with CompressedOops enabled, and the Java Heap may be blocking the growth of the native heap
# Possible solutions:
#   Reduce memory load on the system
#   Increase physical memory or swap space
#   Check if swap backing store is full
#   Decrease Java heap size (-Xmx/-Xms)
#   Decrease number of Java threads
#   Decrease Java thread stack sizes (-Xss)
#   Set larger code cache with -XX:ReservedCodeCacheSize=
#   JVM is running with Unscaled Compressed Oops mode in which the Java heap is
#     placed in the first 4GB address space. The Java Heap base address is the
#     maximum limit for the native heap growth. Please use -XX:HeapBaseMinAddress
#     to set the Java Heap base and to place the Java Heap above 4GB virtual address.
# This output file may be truncated or incomplete.
#
#  Out of Memory Error (os_windows.cpp:3548), pid=22484, tid=8956
#
# JRE version: Java(TM) SE Runtime Environment (17.0.12+8) (build 17.0.12+8-LTS-286)
# Java VM: Java HotSpot(TM) 64-Bit Server VM (17.0.12+8-LTS-286, mixed mode, emulated-client, sharing, tiered, compressed oops, compressed class ptrs, g1 gc, windows-amd64)
# No core dump will be written. Minidumps are not enabled by default on client versions of Windows
#

---------------  S U M M A R Y ------------

Command Line: -Dcom.sun.management.jmxremote -Dcom.sun.management.jmxremote.port=61637 -Dcom.sun.management.jmxremote.authenticate=false -Dcom.sun.management.jmxremote.ssl=false -Djava.rmi.server.hostname=localhost -Dspring.jmx.enabled=true -Dspring.liveBeansView.mbeanDomain -Dspring.application.admin.enabled=true -Xverify:none -XX:TieredStopAtLevel=1 -Dfile.encoding=UTF-8 com.dipanshu.user_service.UserServiceApplication

Host: Intel(R) Core(TM) i3-1005G1 CPU @ 1.20GHz, 4 cores, 3G,  Windows 11 , 64 bit Build 26100 (10.0.26100.3912)
Time: Tue Jun 24 23:48:17 2025 India Standard Time elapsed time: 15.386129 seconds (0d 0h 0m 15s)

---------------  T H R E A D  ---------------

Current thread (0x000001a7cfb6d180):  VMThread "VM Thread" [stack: 0x00000085a7100000,0x00000085a7200000] [id=8956]

Stack: [0x00000085a7100000,0x00000085a7200000]
Native frames: (J=compiled Java code, j=interpreted, Vv=VM code, C=native code)
V  [jvm.dll+0x67a04a]
V  [jvm.dll+0x7da4ed]
V  [jvm.dll+0x7dbe33]
V  [jvm.dll+0x7dc4a3]
V  [jvm.dll+0x24508f]
V  [jvm.dll+0x677089]
V  [jvm.dll+0x66bd32]
V  [jvm.dll+0x301fa6]
V  [jvm.dll+0x309546]
V  [jvm.dll+0x359d2e]
V  [jvm.dll+0x359f5f]
V  [jvm.dll+0x2d9078]
V  [jvm.dll+0x2d74ad]
V  [jvm.dll+0x2d6afc]
V  [jvm.dll+0x31a65b]
V  [jvm.dll+0x7e0d9b]
V  [jvm.dll+0x7e1ad4]
V  [jvm.dll+0x7e1fed]
V  [jvm.dll+0x7e23c4]
V  [jvm.dll+0x7e2490]
V  [jvm.dll+0x78abea]
V  [jvm.dll+0x678f35]
C  [ucrtbase.dll+0x37b0]
C  [KERNEL32.DLL+0x2e8d7]
C  [ntdll.dll+0x9c5dc]

VM_Operation (0x00000085a85fade0): G1CollectForAllocation, mode: safepoint, requested by thread 0x000001a7dfe79010


---------------  P R O C E S S  ---------------

Threads class SMR info:
_java_thread_list=0x000001a7e5e3ece0, length=24, elements={
0x000001a7cfab42f0, 0x000001a7df1f5ff0, 0x000001a7df1f7cd0, 0x000001a7df20adb0,
0x000001a7df20b680, 0x000001a7df20bf50, 0x000001a7df20c820, 0x000001a7df20f1b0,
0x000001a7df247ac0, 0x000001a7df410ac0, 0x000001a7df4552a0, 0x000001a7dfaa9850,
0x000001a7dfaaa9b0, 0x000001a7dfb1c850, 0x000001a7dfe78b30, 0x000001a7dfe79010,
0x000001a7e543f030, 0x000001a7e54ad030, 0x000001a7dfbf44b0, 0x000001a7dfbf3580,
0x000001a7dfbf3fa0, 0x000001a7dfbf6310, 0x000001a7dfbf53e0, 0x000001a7dfbf49c0
}

Java Threads: ( => current thread )
  0x000001a7cfab42f0 JavaThread "main" [_thread_blocked, id=12280, stack(0x00000085a6b00000,0x00000085a6c00000)]
  0x000001a7df1f5ff0 JavaThread "Reference Handler" daemon [_thread_blocked, id=22568, stack(0x00000085a7200000,0x00000085a7300000)]
  0x000001a7df1f7cd0 JavaThread "Finalizer" daemon [_thread_blocked, id=16256, stack(0x00000085a7300000,0x00000085a7400000)]
  0x000001a7df20adb0 JavaThread "Signal Dispatcher" daemon [_thread_blocked, id=20748, stack(0x00000085a7400000,0x00000085a7500000)]
  0x000001a7df20b680 JavaThread "Attach Listener" daemon [_thread_blocked, id=12184, stack(0x00000085a7500000,0x00000085a7600000)]
  0x000001a7df20bf50 JavaThread "Service Thread" daemon [_thread_blocked, id=15304, stack(0x00000085a7600000,0x00000085a7700000)]
  0x000001a7df20c820 JavaThread "Monitor Deflation Thread" daemon [_thread_blocked, id=22508, stack(0x00000085a7700000,0x00000085a7800000)]
  0x000001a7df20f1b0 JavaThread "C1 CompilerThread0" daemon [_thread_blocked, id=20092, stack(0x00000085a7800000,0x00000085a7900000)]
  0x000001a7df247ac0 JavaThread "Sweeper thread" daemon [_thread_blocked, id=13656, stack(0x00000085a7900000,0x00000085a7a00000)]
  0x000001a7df410ac0 JavaThread "Common-Cleaner" daemon [_thread_blocked, id=7352, stack(0x00000085a7a00000,0x00000085a7b00000)]
  0x000001a7df4552a0 JavaThread "Notification Thread" daemon [_thread_blocked, id=14492, stack(0x00000085a7b00000,0x00000085a7c00000)]
  0x000001a7dfaa9850 JavaThread "RMI TCP Accept-0" daemon [_thread_in_native, id=15112, stack(0x00000085a7c00000,0x00000085a7d00000)]
  0x000001a7dfaaa9b0 JavaThread "RMI TCP Accept-61637" daemon [_thread_in_native, id=26616, stack(0x00000085a7d00000,0x00000085a7e00000)]
  0x000001a7dfb1c850 JavaThread "RMI TCP Accept-0" daemon [_thread_in_native, id=9896, stack(0x00000085a8200000,0x00000085a8300000)]
  0x000001a7dfe78b30 JavaThread "Thread-0" [_thread_blocked, id=24920, stack(0x00000085a8400000,0x00000085a8500000)]
  0x000001a7dfe79010 JavaThread "restartedMain" [_thread_blocked, id=23220, stack(0x00000085a8500000,0x00000085a8600000)]
  0x000001a7e543f030 JavaThread "C1 CompilerThread1" daemon [_thread_blocked, id=9948, stack(0x00000085a8600000,0x00000085a8700000)]
  0x000001a7e54ad030 JavaThread "C1 CompilerThread2" daemon [_thread_blocked, id=2744, stack(0x00000085a8700000,0x00000085a8800000)]
  0x000001a7dfbf44b0 JavaThread "Catalina-utility-1" [_thread_blocked, id=4320, stack(0x00000085a8a00000,0x00000085a8b00000)]
  0x000001a7dfbf3580 JavaThread "Catalina-utility-2" [_thread_blocked, id=21044, stack(0x00000085a8b00000,0x00000085a8c00000)]
  0x000001a7dfbf3fa0 JavaThread "container-0" [_thread_blocked, id=10180, stack(0x00000085a8c00000,0x00000085a8d00000)]
  0x000001a7dfbf6310 JavaThread "mysql-cj-abandoned-connection-cleanup" daemon [_thread_blocked, id=25236, stack(0x00000085a8d00000,0x00000085a8e00000)]
  0x000001a7dfbf53e0 JavaThread "HikariPool-1 housekeeper" daemon [_thread_blocked, id=26216, stack(0x00000085a8f00000,0x00000085a9000000)]
  0x000001a7dfbf49c0 JavaThread "HikariPool-1 connection adder" daemon [_thread_blocked, id=16120, stack(0x00000085a9000000,0x00000085a9100000)]

Other Threads:
=>0x000001a7cfb6d180 VMThread "VM Thread" [stack: 0x00000085a7100000,0x00000085a7200000] [id=8956]
  0x000001a7df7db550 WatcherThread [stack: 0x00000085a8300000,0x00000085a8400000] [id=25416]
  0x000001a7cfaf03d0 GCTaskThread "GC Thread#0" [stack: 0x00000085a6c00000,0x00000085a6d00000] [id=25212]
  0x000001a7dfaab3a0 GCTaskThread "GC Thread#1" [stack: 0x00000085a7e00000,0x00000085a7f00000] [id=4480]
  0x000001a7dfb31ce0 GCTaskThread "GC Thread#2" [stack: 0x00000085a7f00000,0x00000085a8000000] [id=17808]
  0x000001a7dfa97210 GCTaskThread "GC Thread#3" [stack: 0x00000085a8000000,0x00000085a8100000] [id=6828]
  0x000001a7cfaf8b80 ConcurrentGCThread "G1 Main Marker" [stack: 0x00000085a6d00000,0x00000085a6e00000] [id=20348]
  0x000001a7cfafa910 ConcurrentGCThread "G1 Conc#0" [stack: 0x00000085a6e00000,0x00000085a6f00000] [id=26064]
  0x000001a7cfb36c50 ConcurrentGCThread "G1 Refine#0" [stack: 0x00000085a6f00000,0x00000085a7000000] [id=12188]
  0x000001a7dfaa5200 ConcurrentGCThread "G1 Refine#1" [stack: 0x00000085a8100000,0x00000085a8200000] [id=8]
  0x000001a7e5659740 ConcurrentGCThread "G1 Refine#2" [stack: 0x00000085a8800000,0x00000085a8900000] [id=7088]
  0x000001a7e56e0440 ConcurrentGCThread "G1 Refine#3" [stack: 0x00000085a8900000,0x00000085a8a00000] [id=8704]
  0x000001a7cfb37590 ConcurrentGCThread "G1 Service" [stack: 0x00000085a7000000,0x00000085a7100000] [id=16816]

Threads with active compile tasks:

VM state: at safepoint (normal execution)

VM Mutex/Monitor currently owned by a thread:  ([mutex/lock_event])
[0x000001a7cfaaf430] Threads_lock - owner thread: 0x000001a7cfb6d180
[0x000001a7cfab10e0] Heap_lock - owner thread: 0x000001a7dfe79010

Heap address: 0x00000000c3600000, size: 970 MB, Compressed Oops mode: 32-bit

CDS archive(s) mapped at: [0x000001a780000000-0x000001a780bd0000-0x000001a780bd0000), size 12386304, SharedBaseAddress: 0x000001a780000000, ArchiveRelocationMode: 1.
Compressed class space mapped at: 0x000001a781000000-0x000001a7c1000000, reserved size: 1073741824
Narrow klass base: 0x000001a780000000, Narrow klass shift: 0, Narrow klass range: 0x100000000

GC Precious Log:
 CPUs: 4 total, 4 available
 Memory: 3877M
 Large Page Support: Disabled
 NUMA Support: Disabled
 Compressed Oops: Enabled (32-bit)
 Heap Region Size: 1M
 Heap Min Capacity: 8M
 Heap Initial Capacity: 62M
 Heap Max Capacity: 970M
 Pre-touch: Disabled
 Parallel Workers: 4
 Concurrent Workers: 1
 Concurrent Refinement Workers: 4
 Periodic GC: Disabled

Heap:
 garbage-first heap   total 63488K, used 32058K [0x00000000c3600000, 0x0000000100000000)
  region size 1024K, 3 young (3072K), 3 survivors (3072K)
 Metaspace       used 52366K, committed 52864K, reserved 1114112K
  class space    used 7214K, committed 7424K, reserved 1048576K

Heap Regions: E=young(eden), S=young(survivor), O=old, HS=humongous(starts), HC=humongous(continues), CS=collection set, F=free, OA=open archive, CA=closed archive, TAMS=top-at-mark-start (previous, next)
|   0|0x00000000c3600000, 0x00000000c3700000, 0x00000000c3700000|100%|HS|  |TAMS 0x00000000c3700000, 0x00000000c3700000| Complete 
|   1|0x00000000c3700000, 0x00000000c3800000, 0x00000000c3800000|100%| O|  |TAMS 0x00000000c3800000, 0x00000000c3800000| Untracked 
|   2|0x00000000c3800000, 0x00000000c3900000, 0x00000000c3900000|100%|HS|  |TAMS 0x00000000c3900000, 0x00000000c3900000| Complete 
|   3|0x00000000c3900000, 0x00000000c3a00000, 0x00000000c3a00000|100%| O|  |TAMS 0x00000000c3a00000, 0x00000000c3a00000| Untracked 
|   4|0x00000000c3a00000, 0x00000000c3b00000, 0x00000000c3b00000|100%| O|  |TAMS 0x00000000c3b00000, 0x00000000c3b00000| Untracked 
|   5|0x00000000c3b00000, 0x00000000c3c00000, 0x00000000c3c00000|100%| O|  |TAMS 0x00000000c3c00000, 0x00000000c3c00000| Untracked 
|   6|0x00000000c3c00000, 0x00000000c3d00000, 0x00000000c3d00000|100%| O|  |TAMS 0x00000000c3d00000, 0x00000000c3d00000| Untracked 
|   7|0x00000000c3d00000, 0x00000000c3e00000, 0x00000000c3e00000|100%| O|  |TAMS 0x00000000c3e00000, 0x00000000c3e00000| Untracked 
|   8|0x00000000c3e00000, 0x00000000c3f00000, 0x00000000c3f00000|100%| O|  |TAMS 0x00000000c3f00000, 0x00000000c3f00000| Untracked 
|   9|0x00000000c3f00000, 0x00000000c4000000, 0x00000000c4000000|100%| O|  |TAMS 0x00000000c4000000, 0x00000000c4000000| Untracked 
|  10|0x00000000c4000000, 0x00000000c4100000, 0x00000000c4100000|100%| O|  |TAMS 0x00000000c4100000, 0x00000000c4100000| Untracked 
|  11|0x00000000c4100000, 0x00000000c4200000, 0x00000000c4200000|100%| O|  |TAMS 0x00000000c4200000, 0x00000000c4200000| Untracked 
|  12|0x00000000c4200000, 0x00000000c4300000, 0x00000000c4300000|100%| O|  |TAMS 0x00000000c4300000, 0x00000000c4300000| Untracked 
|  13|0x00000000c4300000, 0x00000000c4400000, 0x00000000c4400000|100%| O|  |TAMS 0x00000000c4400000, 0x00000000c4400000| Untracked 
|  14|0x00000000c4400000, 0x00000000c4500000, 0x00000000c4500000|100%| O|  |TAMS 0x00000000c4500000, 0x00000000c4500000| Untracked 
|  15|0x00000000c4500000, 0x00000000c4600000, 0x00000000c4600000|100%| O|  |TAMS 0x00000000c459ea00, 0x00000000c4600000| Untracked 
|  16|0x00000000c4600000, 0x00000000c4700000, 0x00000000c4700000|100%| O|  |TAMS 0x00000000c4600000, 0x00000000c4700000| Untracked 
|  17|0x00000000c4700000, 0x00000000c4800000, 0x00000000c4800000|100%| O|  |TAMS 0x00000000c4800000, 0x00000000c4800000| Untracked 
|  18|0x00000000c4800000, 0x00000000c4900000, 0x00000000c4900000|100%| O|  |TAMS 0x00000000c4900000, 0x00000000c4900000| Untracked 
|  19|0x00000000c4900000, 0x00000000c4a00000, 0x00000000c4a00000|100%| O|  |TAMS 0x00000000c4a00000, 0x00000000c4a00000| Untracked 
|  20|0x00000000c4a00000, 0x00000000c4b00000, 0x00000000c4b00000|100%| O|  |TAMS 0x00000000c4b00000, 0x00000000c4b00000| Untracked 
|  21|0x00000000c4b00000, 0x00000000c4c00000, 0x00000000c4c00000|100%| O|  |TAMS 0x00000000c4b00000, 0x00000000c4c00000| Untracked 
|  22|0x00000000c4c00000, 0x00000000c4d00000, 0x00000000c4d00000|100%| O|  |TAMS 0x00000000c4c00000, 0x00000000c4cde800| Untracked 
|  23|0x00000000c4d00000, 0x00000000c4e00000, 0x00000000c4e00000|100%| O|  |TAMS 0x00000000c4e00000, 0x00000000c4e00000| Untracked 
|  24|0x00000000c4e00000, 0x00000000c4f00000, 0x00000000c4f00000|100%| O|  |TAMS 0x00000000c4f00000, 0x00000000c4f00000| Untracked 
|  25|0x00000000c4f00000, 0x00000000c5000000, 0x00000000c5000000|100%| O|  |TAMS 0x00000000c5000000, 0x00000000c5000000| Untracked 
|  26|0x00000000c5000000, 0x00000000c5100000, 0x00000000c5100000|100%| O|  |TAMS 0x00000000c5100000, 0x00000000c5100000| Untracked 
|  27|0x00000000c5100000, 0x00000000c51f7400, 0x00000000c5200000| 96%| O|  |TAMS 0x00000000c5100000, 0x00000000c5100000| Untracked 
|  28|0x00000000c5200000, 0x00000000c5200000, 0x00000000c5300000|  0%| F|  |TAMS 0x00000000c5200000, 0x00000000c5200000| Untracked 
|  29|0x00000000c5300000, 0x00000000c5300000, 0x00000000c5400000|  0%| F|  |TAMS 0x00000000c5300000, 0x00000000c5300000| Untracked 
|  30|0x00000000c5400000, 0x00000000c5400000, 0x00000000c5500000|  0%| F|  |TAMS 0x00000000c5400000, 0x00000000c5400000| Untracked 
|  31|0x00000000c5500000, 0x00000000c5600000, 0x00000000c5600000|100%| O|  |TAMS 0x00000000c5600000, 0x00000000c5600000| Untracked 
|  32|0x00000000c5600000, 0x00000000c5600000, 0x00000000c5700000|  0%| F|  |TAMS 0x00000000c5600000, 0x00000000c5600000| Untracked 
|  33|0x00000000c5700000, 0x00000000c5700000, 0x00000000c5800000|  0%| F|  |TAMS 0x00000000c5700000, 0x00000000c5700000| Untracked 
|  34|0x00000000c5800000, 0x00000000c5800000, 0x00000000c5900000|  0%| F|  |TAMS 0x00000000c5800000, 0x00000000c5800000| Untracked 
|  35|0x00000000c5900000, 0x00000000c5900000, 0x00000000c5a00000|  0%| F|  |TAMS 0x00000000c5900000, 0x00000000c5900000| Untracked 
|  36|0x00000000c5a00000, 0x00000000c5a00000, 0x00000000c5b00000|  0%| F|  |TAMS 0x00000000c5a00000, 0x00000000c5a00000| Untracked 
|  37|0x00000000c5b00000, 0x00000000c5b57660, 0x00000000c5c00000| 34%| S|CS|TAMS 0x00000000c5b00000, 0x00000000c5b00000| Complete 
|  38|0x00000000c5c00000, 0x00000000c5c00000, 0x00000000c5d00000|  0%| F|  |TAMS 0x00000000c5c00000, 0x00000000c5c00000| Untracked 
|  39|0x00000000c5d00000, 0x00000000c5d00000, 0x00000000c5e00000|  0%| F|  |TAMS 0x00000000c5d00000, 0x00000000c5d00000| Untracked 
|  40|0x00000000c5e00000, 0x00000000c5f00000, 0x00000000c5f00000|100%| S|CS|TAMS 0x00000000c5e00000, 0x00000000c5e00000| Complete 
|  41|0x00000000c5f00000, 0x00000000c6000000, 0x00000000c6000000|100%| S|CS|TAMS 0x00000000c5f00000, 0x00000000c5f00000| Complete 
|  42|0x00000000c6000000, 0x00000000c6000000, 0x00000000c6100000|  0%| F|  |TAMS 0x00000000c6000000, 0x00000000c6000000| Untracked 
|  43|0x00000000c6100000, 0x00000000c6100000, 0x00000000c6200000|  0%| F|  |TAMS 0x00000000c6100000, 0x00000000c6100000| Untracked 
|  44|0x00000000c6200000, 0x00000000c6200000, 0x00000000c6300000|  0%| F|  |TAMS 0x00000000c6200000, 0x00000000c6200000| Untracked 
|  45|0x00000000c6300000, 0x00000000c6300000, 0x00000000c6400000|  0%| F|  |TAMS 0x00000000c6300000, 0x00000000c6300000| Untracked 
|  46|0x00000000c6400000, 0x00000000c6400000, 0x00000000c6500000|  0%| F|  |TAMS 0x00000000c6400000, 0x00000000c6400000| Untracked 
|  47|0x00000000c6500000, 0x00000000c6500000, 0x00000000c6600000|  0%| F|  |TAMS 0x00000000c6500000, 0x00000000c6500000| Untracked 
|  48|0x00000000c6600000, 0x00000000c6600000, 0x00000000c6700000|  0%| F|  |TAMS 0x00000000c6600000, 0x00000000c6600000| Untracked 
|  49|0x00000000c6700000, 0x00000000c6700000, 0x00000000c6800000|  0%| F|  |TAMS 0x00000000c6700000, 0x00000000c6700000| Untracked 
|  50|0x00000000c6800000, 0x00000000c6800000, 0x00000000c6900000|  0%| F|  |TAMS 0x00000000c6800000, 0x00000000c6800000| Untracked 
|  51|0x00000000c6900000, 0x00000000c6900000, 0x00000000c6a00000|  0%| F|  |TAMS 0x00000000c6900000, 0x00000000c6900000| Untracked 
|  52|0x00000000c6a00000, 0x00000000c6a00000, 0x00000000c6b00000|  0%| F|  |TAMS 0x00000000c6a00000, 0x00000000c6a00000| Untracked 
|  53|0x00000000c6b00000, 0x00000000c6b00000, 0x00000000c6c00000|  0%| F|  |TAMS 0x00000000c6b00000, 0x00000000c6b00000| Untracked 
|  54|0x00000000c6c00000, 0x00000000c6c00000, 0x00000000c6d00000|  0%| F|  |TAMS 0x00000000c6c00000, 0x00000000c6c00000| Untracked 
|  55|0x00000000c6d00000, 0x00000000c6d00000, 0x00000000c6e00000|  0%| F|  |TAMS 0x00000000c6d00000, 0x00000000c6d00000| Untracked 
|  56|0x00000000c6e00000, 0x00000000c6e00000, 0x00000000c6f00000|  0%| F|  |TAMS 0x00000000c6e00000, 0x00000000c6e00000| Untracked 
|  57|0x00000000c6f00000, 0x00000000c6f00000, 0x00000000c7000000|  0%| F|  |TAMS 0x00000000c6f00000, 0x00000000c6f00000| Untracked 
|  58|0x00000000c7000000, 0x00000000c7000000, 0x00000000c7100000|  0%| F|  |TAMS 0x00000000c7000000, 0x00000000c7000000| Untracked 
|  59|0x00000000c7100000, 0x00000000c7100000, 0x00000000c7200000|  0%| F|  |TAMS 0x00000000c7100000, 0x00000000c7100000| Untracked 
|  60|0x00000000c7200000, 0x00000000c7200000, 0x00000000c7300000|  0%| F|  |TAMS 0x00000000c7200000, 0x00000000c7200000| Untracked 
|  61|0x00000000c7300000, 0x00000000c7300000, 0x00000000c7400000|  0%| F|  |TAMS 0x00000000c7300000, 0x00000000c7300000| Untracked 

Card table byte_map: [0x000001a7daa50000,0x000001a7dac40000] _byte_map_base: 0x000001a7da435000

Marking Bits (Prev, Next): (CMBitMap*) 0x000001a7cfaf0940, (CMBitMap*) 0x000001a7cfaf0900
 Prev Bits: [0x000001a7dbd60000, 0x000001a7dcc88000)
 Next Bits: [0x000001a7dae30000, 0x000001a7dbd58000)

Polling page: 0x000001a7ce240000

Metaspace:

Usage:
  Non-class:     44.09 MB used.
      Class:      7.05 MB used.
       Both:     51.14 MB used.

Virtual space:
  Non-class space:       64.00 MB reserved,      44.38 MB ( 69%) committed,  1 nodes.
      Class space:        1.00 GB reserved,       7.25 MB ( <1%) committed,  1 nodes.
             Both:        1.06 GB reserved,      51.62 MB (  5%) committed. 

Chunk freelists:
   Non-Class:  2.80 MB
       Class:  8.75 MB
        Both:  11.55 MB

MaxMetaspaceSize: unlimited
CompressedClassSpaceSize: 1.00 GB
Initial GC threshold: 21.00 MB
Current GC threshold: 68.56 MB
CDS: on
MetaspaceReclaimPolicy: balanced
 - commit_granule_bytes: 65536.
 - commit_granule_words: 8192.
 - virtual_space_node_default_size: 8388608.
 - enlarge_chunks_in_place: 1.
 - new_chunks_are_fully_committed: 0.
 - uncommit_free_chunks: 1.
 - use_allocation_guard: 0.
 - handle_deallocations: 1.


Internal statistics:

num_allocs_failed_limit: 9.
num_arena_births: 664.
num_arena_deaths: 0.
num_vsnodes_births: 2.
num_vsnodes_deaths: 0.
num_space_committed: 826.
num_space_uncommitted: 0.
num_chunks_returned_to_freelist: 9.
num_chunks_taken_from_freelist: 2490.
num_chunk_merges: 3.
num_chunk_splits: 1767.
num_chunks_enlarged: 1343.
num_inconsistent_stats: 0.

CodeCache: size=49152Kb used=10367Kb max_used=10367Kb free=38785Kb
 bounds [0x000001a7d7420000, 0x000001a7d7e40000, 0x000001a7da420000]
 total_blobs=5676 nmethods=5009 adapters=592
 compilation: enabled
              stopped_count=0, restarted_count=0
 full_count=0

Compilation events (20 events):
Event: 15.313 Thread 0x000001a7e543f030 5000       1       org.springframework.beans.factory.support.AbstractBeanFactory::getConversionService (5 bytes)
Event: 15.313 Thread 0x000001a7e543f030 nmethod 5000 0x000001a7d7e3d410 code [0x000001a7d7e3d5a0, 0x000001a7d7e3d678]
Event: 15.314 Thread 0x000001a7e54ad030 5001       1       java.lang.reflect.Constructor::getParameterTypes (11 bytes)
Event: 15.314 Thread 0x000001a7e54ad030 nmethod 5001 0x000001a7d7e3d710 code [0x000001a7d7e3d8a0, 0x000001a7d7e3d9c8]
Event: 15.316 Thread 0x000001a7e543f030 5002       1       org.springframework.util.Assert::hasLength (17 bytes)
Event: 15.316 Thread 0x000001a7e543f030 nmethod 5002 0x000001a7d7e3da90 code [0x000001a7d7e3dc20, 0x000001a7d7e3dda8]
Event: 15.323 Thread 0x000001a7e543f030 5003       1       org.springframework.beans.PropertyEditorRegistrySupport::setConversionService (6 bytes)
Event: 15.323 Thread 0x000001a7e54ad030 5004       1       java.lang.ThreadLocal::initialValue (2 bytes)
Event: 15.323 Thread 0x000001a7e543f030 nmethod 5003 0x000001a7d7e3de90 code [0x000001a7d7e3e020, 0x000001a7d7e3e138]
Event: 15.323 Thread 0x000001a7e54ad030 nmethod 5004 0x000001a7d7e3e190 code [0x000001a7d7e3e320, 0x000001a7d7e3e3f8]
Event: 15.328 Thread 0x000001a7e54ad030 5005       1       org.springframework.dao.annotation.PersistenceExceptionTranslationAdvisor::getPointcut (5 bytes)
Event: 15.328 Thread 0x000001a7e54ad030 nmethod 5005 0x000001a7d7e3e490 code [0x000001a7d7e3e620, 0x000001a7d7e3e6f8]
Event: 15.343 Thread 0x000001a7e54ad030 5006       1       java.util.ArrayList$Itr::next (66 bytes)
Event: 15.344 Thread 0x000001a7e54ad030 nmethod 5006 0x000001a7d7e3e790 code [0x000001a7d7e3e960, 0x000001a7d7e3ebe8]
Event: 15.345 Thread 0x000001a7e54ad030 5007       1       org.springframework.util.ClassUtils::isAssignableValue (34 bytes)
Event: 15.345 Thread 0x000001a7e54ad030 nmethod 5007 0x000001a7d7e3ed90 code [0x000001a7d7e3ef40, 0x000001a7d7e3f118]
Event: 15.351 Thread 0x000001a7e54ad030 5008       1       java.lang.invoke.LambdaFormEditor$TransformKey::packedBytes (39 bytes)
Event: 15.351 Thread 0x000001a7e543f030 5009       1       java.lang.invoke.LambdaFormEditor$TransformKey::of (51 bytes)
Event: 15.351 Thread 0x000001a7e54ad030 nmethod 5008 0x000001a7d7e3f290 code [0x000001a7d7e3f420, 0x000001a7d7e3f4d8]
Event: 15.351 Thread 0x000001a7e543f030 nmethod 5009 0x000001a7d7e3f590 code [0x000001a7d7e3f760, 0x000001a7d7e3fae8]

GC Heap History (20 events):
Event: 10.626 GC heap after
{Heap after GC invocations=7 (full 0):
 garbage-first heap   total 63488K, used 18320K [0x00000000c3600000, 0x0000000100000000)
  region size 1024K, 4 young (4096K), 4 survivors (4096K)
 Metaspace       used 21197K, committed 21504K, reserved 1114112K
  class space    used 2895K, committed 3072K, reserved 1048576K
}
Event: 11.955 GC heap before
{Heap before GC invocations=8 (full 0):
 garbage-first heap   total 63488K, used 48016K [0x00000000c3600000, 0x0000000100000000)
  region size 1024K, 31 young (31744K), 4 survivors (4096K)
 Metaspace       used 24354K, committed 24768K, reserved 1114112K
  class space    used 3368K, committed 3584K, reserved 1048576K
}
Event: 11.964 GC heap after
{Heap after GC invocations=9 (full 0):
 garbage-first heap   total 63488K, used 23922K [0x00000000c3600000, 0x0000000100000000)
  region size 1024K, 4 young (4096K), 4 survivors (4096K)
 Metaspace       used 24354K, committed 24768K, reserved 1114112K
  class space    used 3368K, committed 3584K, reserved 1048576K
}
Event: 11.985 GC heap before
{Heap before GC invocations=9 (full 0):
 garbage-first heap   total 63488K, used 26994K [0x00000000c3600000, 0x0000000100000000)
  region size 1024K, 5 young (5120K), 4 survivors (4096K)
 Metaspace       used 24365K, committed 24768K, reserved 1114112K
  class space    used 3369K, committed 3584K, reserved 1048576K
}
Event: 11.995 GC heap after
{Heap after GC invocations=10 (full 0):
 garbage-first heap   total 63488K, used 26466K [0x00000000c3600000, 0x0000000100000000)
  region size 1024K, 1 young (1024K), 1 survivors (1024K)
 Metaspace       used 24365K, committed 24768K, reserved 1114112K
  class space    used 3369K, committed 3584K, reserved 1048576K
}
Event: 12.298 GC heap before
{Heap before GC invocations=10 (full 0):
 garbage-first heap   total 63488K, used 46946K [0x00000000c3600000, 0x0000000100000000)
  region size 1024K, 20 young (20480K), 1 survivors (1024K)
 Metaspace       used 26224K, committed 26560K, reserved 1114112K
  class space    used 3574K, committed 3776K, reserved 1048576K
}
Event: 12.301 GC heap after
{Heap after GC invocations=11 (full 0):
 garbage-first heap   total 63488K, used 26287K [0x00000000c3600000, 0x0000000100000000)
  region size 1024K, 2 young (2048K), 2 survivors (2048K)
 Metaspace       used 26224K, committed 26560K, reserved 1114112K
  class space    used 3574K, committed 3776K, reserved 1048576K
}
Event: 12.705 GC heap before
{Heap before GC invocations=11 (full 0):
 garbage-first heap   total 63488K, used 45743K [0x00000000c3600000, 0x0000000100000000)
  region size 1024K, 21 young (21504K), 2 survivors (2048K)
 Metaspace       used 29137K, committed 29504K, reserved 1114112K
  class space    used 3966K, committed 4160K, reserved 1048576K
}
Event: 12.708 GC heap after
{Heap after GC invocations=12 (full 0):
 garbage-first heap   total 63488K, used 27283K [0x00000000c3600000, 0x0000000100000000)
  region size 1024K, 3 young (3072K), 3 survivors (3072K)
 Metaspace       used 29137K, committed 29504K, reserved 1114112K
  class space    used 3966K, committed 4160K, reserved 1048576K
}
Event: 13.037 GC heap before
{Heap before GC invocations=12 (full 0):
 garbage-first heap   total 63488K, used 47763K [0x00000000c3600000, 0x0000000100000000)
  region size 1024K, 23 young (23552K), 3 survivors (3072K)
 Metaspace       used 32915K, committed 33344K, reserved 1114112K
  class space    used 4601K, committed 4800K, reserved 1048576K
}
Event: 13.041 GC heap after
{Heap after GC invocations=13 (full 0):
 garbage-first heap   total 63488K, used 28052K [0x00000000c3600000, 0x0000000100000000)
  region size 1024K, 2 young (2048K), 2 survivors (2048K)
 Metaspace       used 32915K, committed 33344K, reserved 1114112K
  class space    used 4601K, committed 4800K, reserved 1048576K
}
Event: 13.283 GC heap before
{Heap before GC invocations=13 (full 0):
 garbage-first heap   total 63488K, used 36244K [0x00000000c3600000, 0x0000000100000000)
  region size 1024K, 11 young (11264K), 2 survivors (2048K)
 Metaspace       used 35538K, committed 35968K, reserved 1114112K
  class space    used 4903K, committed 5120K, reserved 1048576K
}
Event: 13.286 GC heap after
{Heap after GC invocations=14 (full 0):
 garbage-first heap   total 63488K, used 29481K [0x00000000c3600000, 0x0000000100000000)
  region size 1024K, 3 young (3072K), 3 survivors (3072K)
 Metaspace       used 35538K, committed 35968K, reserved 1114112K
  class space    used 4903K, committed 5120K, reserved 1048576K
}
Event: 13.857 GC heap before
{Heap before GC invocations=15 (full 0):
 garbage-first heap   total 63488K, used 46889K [0x00000000c3600000, 0x0000000100000000)
  region size 1024K, 22 young (22528K), 3 survivors (3072K)
 Metaspace       used 41381K, committed 41856K, reserved 1114112K
  class space    used 5662K, committed 5888K, reserved 1048576K
}
Event: 13.861 GC heap after
{Heap after GC invocations=16 (full 0):
 garbage-first heap   total 63488K, used 28588K [0x00000000c3600000, 0x0000000100000000)
  region size 1024K, 3 young (3072K), 3 survivors (3072K)
 Metaspace       used 41381K, committed 41856K, reserved 1114112K
  class space    used 5662K, committed 5888K, reserved 1048576K
}
Event: 14.224 GC heap before
{Heap before GC invocations=17 (full 0):
 garbage-first heap   total 63488K, used 48044K [0x00000000c3600000, 0x0000000100000000)
  region size 1024K, 23 young (23552K), 3 survivors (3072K)
 Metaspace       used 45221K, committed 45696K, reserved 1114112K
  class space    used 6127K, committed 6336K, reserved 1048576K
}
Event: 14.228 GC heap after
{Heap after GC invocations=18 (full 0):
 garbage-first heap   total 63488K, used 29774K [0x00000000c3600000, 0x0000000100000000)
  region size 1024K, 3 young (3072K), 3 survivors (3072K)
 Metaspace       used 45221K, committed 45696K, reserved 1114112K
  class space    used 6127K, committed 6336K, reserved 1048576K
}
Event: 14.574 GC heap before
{Heap before GC invocations=18 (full 0):
 garbage-first heap   total 63488K, used 50254K [0x00000000c3600000, 0x0000000100000000)
  region size 1024K, 23 young (23552K), 3 survivors (3072K)
 Metaspace       used 49181K, committed 49664K, reserved 1114112K
  class space    used 6799K, committed 7040K, reserved 1048576K
}
Event: 14.577 GC heap after
{Heap after GC invocations=19 (full 0):
 garbage-first heap   total 63488K, used 30440K [0x00000000c3600000, 0x0000000100000000)
  region size 1024K, 2 young (2048K), 2 survivors (2048K)
 Metaspace       used 49181K, committed 49664K, reserved 1114112K
  class space    used 6799K, committed 7040K, reserved 1048576K
}
Event: 15.352 GC heap before
{Heap before GC invocations=19 (full 0):
 garbage-first heap   total 63488K, used 50920K [0x00000000c3600000, 0x0000000100000000)
  region size 1024K, 22 young (22528K), 2 survivors (2048K)
 Metaspace       used 52366K, committed 52864K, reserved 1114112K
  class space    used 7214K, committed 7424K, reserved 1048576K
}

Deoptimization events (4 events):
Event: 12.359 Thread 0x000001a7dfe79010 DEOPT PACKING pc=0x000001a7d78b6819 sp=0x00000085a85fdbb0
Event: 12.360 Thread 0x000001a7dfe79010 DEOPT UNPACKING pc=0x000001a7d74766e3 sp=0x00000085a85fd050 mode 3
Event: 12.360 Thread 0x000001a7dfbf3580 DEOPT PACKING pc=0x000001a7d778d917 sp=0x00000085a8bff170
Event: 12.360 Thread 0x000001a7dfbf3580 DEOPT UNPACKING pc=0x000001a7d74766e3 sp=0x00000085a8bfe5c8 mode 3

Classes unloaded (0 events):
No events

Classes redefined (0 events):
No events

Internal exceptions (20 events):
Event: 14.494 Thread 0x000001a7dfe79010 Exception <a 'java/lang/NoSuchMethodError'{0x00000000c64e6a98}: 'java.lang.Object java.lang.invoke.Invokers$Holder.linkToTargetMethod(java.lang.Object, java.lang.Object, java.lang.Object, java.lang.Object, java.lang.Object, java.lang.Object, java.lang.Object, java.lang.Object, java.lang.Object, java.lang.Object, java.lang.Object, java.lang.Object)'> (0x00000000c64e6a98) 
thrown [s\open\src\hotspot\share\interpreter\linkResolver.cpp, line 759]
Event: 14.537 Thread 0x000001a7dfe79010 Exception <a 'java/lang/IncompatibleClassChangeError'{0x00000000c612bc40}: Found class java.lang.Object, but interface was expected> (0x00000000c612bc40) 
thrown [s\open\src\hotspot\share\interpreter\linkResolver.cpp, line 826]
Event: 14.538 Thread 0x000001a7dfe79010 Exception <a 'java/lang/NoSuchMethodError'{0x00000000c613d028}: 'java.lang.Object java.lang.invoke.DirectMethodHandle$Holder.newInvokeSpecial(java.lang.Object, java.lang.Object, java.lang.Object, java.lang.Object, java.lang.Object, java.lang.Object)'> (0x00000000c613d028) 
thrown [s\open\src\hotspot\share\interpreter\linkResolver.cpp, line 759]
Event: 14.551 Thread 0x000001a7dfe79010 Exception <a 'java/lang/NoSuchMethodError'{0x00000000c61dbc70}: 'java.lang.Object java.lang.invoke.DirectMethodHandle$Holder.newInvokeSpecial(java.lang.Object, java.lang.Object, java.lang.Object, java.lang.Object, java.lang.Object, java.lang.Object, java.lang.Object, int)'> (0x00000000c61dbc70) 
thrown [s\open\src\hotspot\share\interpreter\linkResolver.cpp, line 759]
Event: 14.551 Thread 0x000001a7dfe79010 Exception <a 'java/lang/NoSuchMethodError'{0x00000000c61e0c68}: 'java.lang.Object java.lang.invoke.DirectMethodHandle$Holder.invokeSpecial(java.lang.Object, java.lang.Object, java.lang.Object, java.lang.Object, java.lang.Object, java.lang.Object, java.lang.Object, java.lang.Object, int)'> (0x00000000c61e0c68) 
thrown [s\open\src\hotspot\share\interpreter\linkResolver.cpp, line 759]
Event: 14.551 Thread 0x000001a7dfe79010 Exception <a 'java/lang/NoSuchMethodError'{0x00000000c61e5730}: 'java.lang.Object java.lang.invoke.Invokers$Holder.linkToTargetMethod(java.lang.Object, java.lang.Object, java.lang.Object, java.lang.Object, java.lang.Object, java.lang.Object, int, java.lang.Object)'> (0x00000000c61e5730) 
thrown [s\open\src\hotspot\share\interpreter\linkResolver.cpp, line 759]
Event: 14.580 Thread 0x000001a7dfe79010 Exception <a 'java/lang/NoSuchMethodError'{0x00000000c731e2a8}: 'void java.lang.invoke.DirectMethodHandle$Holder.invokeInterface(java.lang.Object, java.lang.Object)'> (0x00000000c731e2a8) 
thrown [s\open\src\hotspot\share\interpreter\linkResolver.cpp, line 759]
Event: 15.022 Thread 0x000001a7dfe79010 Exception <a 'java/lang/NoSuchMethodError'{0x00000000c69b4d10}: 'java.lang.Object java.lang.invoke.DirectMethodHandle$Holder.invokeStaticInit(java.lang.Object, java.lang.Object, java.lang.Object, java.lang.Object, java.lang.Object, java.lang.Object, java.lang.Object)'> (0x00000000c69b4d10) 
thrown [s\open\src\hotspot\share\interpreter\linkResolver.cpp, line 759]
Event: 15.024 Thread 0x000001a7dfe79010 Exception <a 'java/lang/NoSuchMethodError'{0x00000000c69be478}: 'java.lang.Object java.lang.invoke.DirectMethodHandle$Holder.invokeSpecial(java.lang.Object, java.lang.Object, java.lang.Object, java.lang.Object, java.lang.Object, java.lang.Object, java.lang.Object, java.lang.Object, java.lang.Object, java.lang.Object)'> (0x00000000c69be478) 
thrown [s\open\src\hotspot\share\interpreter\linkResolver.cpp, line 759]
Event: 15.024 Thread 0x000001a7dfe79010 Exception <a 'java/lang/NoSuchMethodError'{0x00000000c69c2d08}: 'java.lang.Object java.lang.invoke.Invokers$Holder.invoke_MT(java.lang.Object, java.lang.Object, java.lang.Object, java.lang.Object, java.lang.Object, java.lang.Object, java.lang.Object, java.lang.Object, java.lang.Object, java.lang.Object)'> (0x00000000c69c2d08) 
thrown [s\open\src\hotspot\share\interpreter\linkResolver.cpp, line 759]
Event: 15.029 Thread 0x000001a7dfe79010 Exception <a 'java/lang/NoSuchMethodError'{0x00000000c69e62a0}: 'int java.lang.invoke.DirectMethodHandle$Holder.invokeStaticInit(java.lang.Object, int, int)'> (0x00000000c69e62a0) 
thrown [s\open\src\hotspot\share\interpreter\linkResolver.cpp, line 759]
Event: 15.030 Thread 0x000001a7dfe79010 Exception <a 'java/lang/NoSuchMethodError'{0x00000000c69edfe0}: 'int java.lang.invoke.DirectMethodHandle$Holder.invokeStaticInit(java.lang.Object, long, long)'> (0x00000000c69edfe0) 
thrown [s\open\src\hotspot\share\interpreter\linkResolver.cpp, line 759]
Event: 15.031 Thread 0x000001a7dfe79010 Exception <a 'java/lang/NoSuchMethodError'{0x00000000c69f5380}: 'int java.lang.invoke.DirectMethodHandle$Holder.invokeStaticInit(java.lang.Object, float, float)'> (0x00000000c69f5380) 
thrown [s\open\src\hotspot\share\interpreter\linkResolver.cpp, line 759]
Event: 15.034 Thread 0x000001a7dfe79010 Exception <a 'java/lang/NoSuchMethodError'{0x00000000c69fc728}: 'int java.lang.invoke.DirectMethodHandle$Holder.invokeStaticInit(java.lang.Object, double, double)'> (0x00000000c69fc728) 
thrown [s\open\src\hotspot\share\interpreter\linkResolver.cpp, line 759]
Event: 15.035 Thread 0x000001a7dfe79010 Exception <a 'java/lang/NoSuchMethodError'{0x00000000c68011b0}: 'int java.lang.invoke.DirectMethodHandle$Holder.invokeStatic(java.lang.Object, long)'> (0x00000000c68011b0) 
thrown [s\open\src\hotspot\share\interpreter\linkResolver.cpp, line 759]
Event: 15.057 Thread 0x000001a7dfe79010 Exception <a 'java/lang/NoSuchMethodError'{0x00000000c6825410}: 'int java.lang.invoke.Invokers$Holder.linkToTargetMethod(java.lang.Object, java.lang.Object)'> (0x00000000c6825410) 
thrown [s\open\src\hotspot\share\interpreter\linkResolver.cpp, line 759]
Event: 15.067 Thread 0x000001a7dfe79010 Exception <a 'java/lang/NoSuchMethodError'{0x00000000c6844b88}: 'java.lang.Object java.lang.invoke.DirectMethodHandle$Holder.invokeStatic(java.lang.Object, int, java.lang.Object, java.lang.Object)'> (0x00000000c6844b88) 
thrown [s\open\src\hotspot\share\interpreter\linkResolver.cpp, line 759]
Event: 15.068 Thread 0x000001a7dfe79010 Exception <a 'java/lang/NoSuchMethodError'{0x00000000c6849220}: 'java.lang.Object java.lang.invoke.DirectMethodHandle$Holder.invokeSpecial(java.lang.Object, java.lang.Object, int, java.lang.Object, java.lang.Object)'> (0x00000000c6849220) 
thrown [s\open\src\hotspot\share\interpreter\linkResolver.cpp, line 759]
Event: 15.069 Thread 0x000001a7dfe79010 Exception <a 'java/lang/NoSuchMethodError'{0x00000000c684d170}: 'java.lang.Object java.lang.invoke.DelegatingMethodHandle$Holder.delegate(java.lang.Object, int, java.lang.Object, java.lang.Object)'> (0x00000000c684d170) 
thrown [s\open\src\hotspot\share\interpreter\linkResolver.cpp, line 759]
Event: 15.071 Thread 0x000001a7dfe79010 Exception <a 'java/lang/NoSuchMethodError'{0x00000000c685e548}: 'int java.lang.invoke.Invokers$Holder.linkToTargetMethod(java.lang.Object, java.lang.Object, java.lang.Object)'> (0x00000000c685e548) 
thrown [s\open\src\hotspot\share\interpreter\linkResolver.cpp, line 759]

VM Operations (20 events):
Event: 13.904 Executing VM operation: G1Concurrent done
Event: 13.922 Executing VM operation: G1Concurrent
Event: 13.923 Executing VM operation: G1Concurrent done
Event: 14.224 Executing VM operation: G1CollectForAllocation
Event: 14.228 Executing VM operation: G1CollectForAllocation done
Event: 14.236 Executing VM operation: HandshakeAllThreads
Event: 14.236 Executing VM operation: HandshakeAllThreads done
Event: 14.260 Executing VM operation: HandshakeAllThreads
Event: 14.260 Executing VM operation: HandshakeAllThreads done
Event: 14.363 Executing VM operation: HandshakeAllThreads
Event: 14.363 Executing VM operation: HandshakeAllThreads done
Event: 14.574 Executing VM operation: G1CollectForAllocation
Event: 14.577 Executing VM operation: G1CollectForAllocation done
Event: 14.830 Executing VM operation: HandshakeAllThreads
Event: 14.830 Executing VM operation: HandshakeAllThreads done
Event: 15.012 Executing VM operation: HandshakeAllThreads
Event: 15.012 Executing VM operation: HandshakeAllThreads done
Event: 15.341 Executing VM operation: HandshakeAllThreads
Event: 15.341 Executing VM operation: HandshakeAllThreads done
Event: 15.352 Executing VM operation: G1CollectForAllocation

Events (20 events):
Event: 15.065 loading class java/util/AbstractList$SubList$1
Event: 15.066 loading class java/util/AbstractList$SubList$1 done
Event: 15.069 loading class java/lang/invoke/MethodHandleImpl$CountingWrapper
Event: 15.069 loading class java/lang/invoke/MethodHandleImpl$CountingWrapper done
Event: 15.076 loading class java/lang/invoke/MethodHandleImpl$CountingWrapper$1
Event: 15.076 loading class java/lang/invoke/MethodHandleImpl$CountingWrapper$1 done
Event: 15.122 loading class java/util/DualPivotQuicksort
Event: 15.123 loading class java/util/DualPivotQuicksort done
Event: 15.152 loading class sun/reflect/ReflectionFactory
Event: 15.152 loading class sun/reflect/ReflectionFactory done
Event: 15.152 loading class sun/reflect/ReflectionFactory$1
Event: 15.152 loading class sun/reflect/ReflectionFactory$1 done
Event: 15.153 loading class java/io/OptionalDataException
Event: 15.153 loading class java/io/OptionalDataException done
Event: 15.214 loading class java/time/DurationEditor
Event: 15.214 loading class java/time/DurationEditor done
Event: 15.217 loading class java/util/regex/Pattern$1
Event: 15.217 loading class java/util/regex/Pattern$1 done
Event: 15.340 loading class java/util/ArrayList$ListItr
Event: 15.340 loading class java/util/ArrayList$ListItr done


Dynamic libraries:
0x00007ff779bc0000 - 0x00007ff779bd0000 	C:\Program Files\Java\jdk-17\bin\javaw.exe
0x00007ffa64de0000 - 0x00007ffa65046000 	C:\WINDOWS\SYSTEM32\ntdll.dll
0x00007ffa633c0000 - 0x00007ffa63489000 	C:\WINDOWS\System32\KERNEL32.DLL
0x00007ffa627d0000 - 0x00007ffa62b9c000 	C:\WINDOWS\System32\KERNELBASE.dll
0x00007ffa62180000 - 0x00007ffa622cb000 	C:\WINDOWS\System32\ucrtbase.dll
0x00007ffa34130000 - 0x00007ffa34149000 	C:\Program Files\Java\jdk-17\bin\jli.dll
0x00007ffa62d80000 - 0x00007ffa62e32000 	C:\WINDOWS\System32\ADVAPI32.dll
0x00007ffa649e0000 - 0x00007ffa64a89000 	C:\WINDOWS\System32\msvcrt.dll
0x00007ffa64b00000 - 0x00007ffa64ba6000 	C:\WINDOWS\System32\sechost.dll
0x00007ffa62e90000 - 0x00007ffa62fa6000 	C:\WINDOWS\System32\RPCRT4.dll
0x00007ffa63490000 - 0x00007ffa6365a000 	C:\WINDOWS\System32\USER32.dll
0x00007ffa626e0000 - 0x00007ffa62707000 	C:\WINDOWS\System32\win32u.dll
0x00007ffa64ad0000 - 0x00007ffa64afb000 	C:\WINDOWS\System32\GDI32.dll
0x00007ffa625a0000 - 0x00007ffa626d2000 	C:\WINDOWS\System32\gdi32full.dll
0x00007ffa624f0000 - 0x00007ffa62593000 	C:\WINDOWS\System32\msvcp_win.dll
0x00007ffa3d630000 - 0x00007ffa3d8ca000 	C:\WINDOWS\WinSxS\amd64_microsoft.windows.common-controls_6595b64144ccf1df_6.0.26100.3912_none_3e07963ce335137e\COMCTL32.dll
0x00007ffa34110000 - 0x00007ffa3412b000 	C:\Program Files\Java\jdk-17\bin\VCRUNTIME140.dll
0x00007ffa58eb0000 - 0x00007ffa58ebb000 	C:\WINDOWS\SYSTEM32\VERSION.dll
0x00007ffa62fb0000 - 0x00007ffa62fe0000 	C:\WINDOWS\System32\IMM32.DLL
0x00007ffa34010000 - 0x00007ffa3401c000 	C:\Program Files\Java\jdk-17\bin\vcruntime140_1.dll
0x00007ffa33f80000 - 0x00007ffa3400e000 	C:\Program Files\Java\jdk-17\bin\msvcp140.dll
0x00007ffa333a0000 - 0x00007ffa33f80000 	C:\Program Files\Java\jdk-17\bin\server\jvm.dll
0x00007ffa63100000 - 0x00007ffa63108000 	C:\WINDOWS\System32\PSAPI.DLL
0x00007ffa3dba0000 - 0x00007ffa3dbaa000 	C:\WINDOWS\SYSTEM32\WSOCK32.dll
0x00007ffa432d0000 - 0x00007ffa43306000 	C:\WINDOWS\SYSTEM32\WINMM.dll
0x00007ffa63340000 - 0x00007ffa633b4000 	C:\WINDOWS\System32\WS2_32.dll
0x00007ffa60d00000 - 0x00007ffa60d1a000 	C:\WINDOWS\SYSTEM32\kernel.appcore.dll
0x00007ffa34070000 - 0x00007ffa3407a000 	C:\Program Files\Java\jdk-17\bin\jimage.dll
0x00007ffa50620000 - 0x00007ffa50861000 	C:\WINDOWS\SYSTEM32\DBGHELP.DLL
0x00007ffa64650000 - 0x00007ffa649d4000 	C:\WINDOWS\System32\combase.dll
0x00007ffa64cb0000 - 0x00007ffa64d90000 	C:\WINDOWS\System32\OLEAUT32.dll
0x00007ffa41040000 - 0x00007ffa41079000 	C:\WINDOWS\SYSTEM32\dbgcore.DLL
0x00007ffa622d0000 - 0x00007ffa62369000 	C:\WINDOWS\System32\bcryptPrimitives.dll
0x00007ffa34040000 - 0x00007ffa34065000 	C:\Program Files\Java\jdk-17\bin\java.dll
0x00007ffa31e60000 - 0x00007ffa31f37000 	C:\Program Files\Java\jdk-17\bin\jsvml.dll
0x00007ffa63d20000 - 0x00007ffa6444d000 	C:\WINDOWS\System32\SHELL32.dll
0x00007ffa61f70000 - 0x00007ffa620e4000 	C:\WINDOWS\System32\wintypes.dll
0x00007ffa5fbc0000 - 0x00007ffa60416000 	C:\WINDOWS\SYSTEM32\windows.storage.dll
0x00007ffa63150000 - 0x00007ffa6323f000 	C:\WINDOWS\System32\SHCORE.dll
0x00007ffa63250000 - 0x00007ffa632b9000 	C:\WINDOWS\System32\shlwapi.dll
0x00007ffa61e80000 - 0x00007ffa61eaf000 	C:\WINDOWS\SYSTEM32\profapi.dll
0x00007ffa32b50000 - 0x00007ffa32b69000 	C:\Program Files\Java\jdk-17\bin\net.dll
0x00007ffa59cf0000 - 0x00007ffa59e0e000 	C:\WINDOWS\SYSTEM32\WINHTTP.dll
0x00007ffa612a0000 - 0x00007ffa6130a000 	C:\WINDOWS\system32\mswsock.dll
0x00007ffa32b30000 - 0x00007ffa32b46000 	C:\Program Files\Java\jdk-17\bin\nio.dll
0x00007ffa32b10000 - 0x00007ffa32b28000 	C:\Program Files\Java\jdk-17\bin\zip.dll
0x00007ffa2a2f0000 - 0x00007ffa2a2fa000 	C:\Program Files\Java\jdk-17\bin\management.dll
0x00007ffa29ef0000 - 0x00007ffa29efb000 	C:\Program Files\Java\jdk-17\bin\management_ext.dll
0x00007ffa31dc0000 - 0x00007ffa31dd8000 	C:\WINDOWS\system32\napinsp.dll
0x00007ffa60810000 - 0x00007ffa60937000 	C:\WINDOWS\SYSTEM32\DNSAPI.dll
0x00007ffa60760000 - 0x00007ffa60793000 	C:\WINDOWS\SYSTEM32\IPHLPAPI.DLL
0x00007ffa64ac0000 - 0x00007ffa64aca000 	C:\WINDOWS\System32\NSI.dll
0x00007ffa31da0000 - 0x00007ffa31db2000 	C:\WINDOWS\System32\winrnr.dll
0x00007ffa31d60000 - 0x00007ffa31d90000 	C:\WINDOWS\system32\nlansp_c.dll
0x00007ffa53de0000 - 0x00007ffa53e00000 	C:\WINDOWS\system32\wshbth.dll
0x000000006ae40000 - 0x000000006ae66000 	C:\Program Files\Bonjour\mdnsNSP.dll
0x00007ffa41910000 - 0x00007ffa4191b000 	C:\Windows\System32\rasadhlp.dll
0x00007ffa50870000 - 0x00007ffa508f6000 	C:\WINDOWS\System32\fwpuclnt.dll
0x00007ffa61540000 - 0x00007ffa6155c000 	C:\WINDOWS\SYSTEM32\CRYPTSP.dll
0x00007ffa60c60000 - 0x00007ffa60c9a000 	C:\WINDOWS\system32\rsaenh.dll
0x00007ffa61340000 - 0x00007ffa6136b000 	C:\WINDOWS\SYSTEM32\USERENV.dll
0x00007ffa61e50000 - 0x00007ffa61e76000 	C:\WINDOWS\SYSTEM32\bcrypt.dll
0x00007ffa61560000 - 0x00007ffa6156c000 	C:\WINDOWS\SYSTEM32\CRYPTBASE.dll
0x00007ffa59400000 - 0x00007ffa5941f000 	C:\WINDOWS\SYSTEM32\dhcpcsvc6.DLL
0x00007ffa593d0000 - 0x00007ffa593f5000 	C:\WINDOWS\SYSTEM32\dhcpcsvc.DLL
0x00007ffa2a310000 - 0x00007ffa2a31e000 	C:\Program Files\Java\jdk-17\bin\sunmscapi.dll
0x00007ffa62370000 - 0x00007ffa624e7000 	C:\WINDOWS\System32\CRYPT32.dll
0x00007ffa61750000 - 0x00007ffa61780000 	C:\WINDOWS\SYSTEM32\ncrypt.dll
0x00007ffa61700000 - 0x00007ffa6173f000 	C:\WINDOWS\SYSTEM32\NTASN1.dll

dbghelp: loaded successfully - version: 4.0.5 - missing functions: none
symbol engine: initialized successfully - sym options: 0x614 - pdb path: .;C:\Program Files\Java\jdk-17\bin;C:\WINDOWS\SYSTEM32;C:\WINDOWS\WinSxS\amd64_microsoft.windows.common-controls_6595b64144ccf1df_6.0.26100.3912_none_3e07963ce335137e;C:\Program Files\Java\jdk-17\bin\server;C:\Program Files\Bonjour

VM Arguments:
jvm_args: -Dcom.sun.management.jmxremote -Dcom.sun.management.jmxremote.port=61637 -Dcom.sun.management.jmxremote.authenticate=false -Dcom.sun.management.jmxremote.ssl=false -Djava.rmi.server.hostname=localhost -Dspring.jmx.enabled=true -Dspring.liveBeansView.mbeanDomain -Dspring.application.admin.enabled=true -Xverify:none -XX:TieredStopAtLevel=1 -Dfile.encoding=UTF-8 
java_command: com.dipanshu.user_service.UserServiceApplication
java_class_path (initial): C:\Users\dipan\Desktop\ecommerce-app\user-service\target\classes;C:\Users\dipan\.m2\repository\org\springframework\boot\spring-boot-starter-web\3.3.13\spring-boot-starter-web-3.3.13.jar;C:\Users\dipan\.m2\repository\org\springframework\boot\spring-boot-starter\3.3.13\spring-boot-starter-3.3.13.jar;C:\Users\dipan\.m2\repository\org\springframework\boot\spring-boot-starter-logging\3.3.13\spring-boot-starter-logging-3.3.13.jar;C:\Users\dipan\.m2\repository\ch\qos\logback\logback-classic\1.5.18\logback-classic-1.5.18.jar;C:\Users\dipan\.m2\repository\ch\qos\logback\logback-core\1.5.18\logback-core-1.5.18.jar;C:\Users\dipan\.m2\repository\org\apache\logging\log4j\log4j-to-slf4j\2.23.1\log4j-to-slf4j-2.23.1.jar;C:\Users\dipan\.m2\repository\org\apache\logging\log4j\log4j-api\2.23.1\log4j-api-2.23.1.jar;C:\Users\dipan\.m2\repository\org\slf4j\jul-to-slf4j\2.0.17\jul-to-slf4j-2.0.17.jar;C:\Users\dipan\.m2\repository\jakarta\annotation\jakarta.annotation-api\2.1.1\jakarta.annotation-api-2.1.1.jar;C:\Users\dipan\.m2\repository\org\yaml\snakeyaml\2.2\snakeyaml-2.2.jar;C:\Users\dipan\.m2\repository\org\springframework\boot\spring-boot-starter-json\3.3.13\spring-boot-starter-json-3.3.13.jar;C:\Users\dipan\.m2\repository\com\fasterxml\jackson\core\jackson-databind\2.17.3\jackson-databind-2.17.3.jar;C:\Users\dipan\.m2\repository\com\fasterxml\jackson\datatype\jackson-datatype-jdk8\2.17.3\jackson-datatype-jdk8-2.17.3.jar;C:\Users\dipan\.m2\repository\com\fasterxml\jackson\datatype\jackson-datatype-jsr310\2.17.3\jackson-datatype-jsr310-2.17.3.jar;C:\Users\dipan\.m2\repository\com\fasterxml\jackson\module\jackson-module-parameter-names\2.17.3\jackson-module-parameter-names-2.17.3.jar;C:\Users\dipan\.m2\repository\org\springframework\boot\spring-boot-starter-tomcat\3.3.13\spring-boot-starter-tomcat-3.3.13.jar;C:\Users\dipan\.m2\repository\org\apache\tomcat\embed\tomcat-embed-core\10.1.42\tomcat-embed-core-10.1.42.jar;C:\Users\dipan\.m2\repository\org\apach
Launcher Type: SUN_STANDARD

[Global flags]
     intx CICompilerCount                          = 3                                         {product} {ergonomic}
     uint ConcGCThreads                            = 1                                         {product} {ergonomic}
     uint G1ConcRefinementThreads                  = 4                                         {product} {ergonomic}
   size_t G1HeapRegionSize                         = 1048576                                   {product} {ergonomic}
    uintx GCDrainStackTargetSize                   = 64                                        {product} {ergonomic}
   size_t InitialHeapSize                          = 65011712                                  {product} {ergonomic}
     bool ManagementServer                         = true                                      {product} {command line}
   size_t MarkStackSize                            = 4194304                                   {product} {ergonomic}
   size_t MaxHeapSize                              = 1017118720                                {product} {ergonomic}
   size_t MaxNewSize                               = 610271232                                 {product} {ergonomic}
   size_t MinHeapDeltaBytes                        = 1048576                                   {product} {ergonomic}
   size_t MinHeapSize                              = 8388608                                   {product} {ergonomic}
    uintx NonProfiledCodeHeapSize                  = 0                                      {pd product} {ergonomic}
     bool ProfileInterpreter                       = false                                  {pd product} {command line}
    uintx ProfiledCodeHeapSize                     = 0                                      {pd product} {ergonomic}
   size_t SoftMaxHeapSize                          = 1017118720                             {manageable} {ergonomic}
     intx TieredStopAtLevel                        = 1                                         {product} {command line}
     bool UseCompressedClassPointers               = true                           {product lp64_product} {ergonomic}
     bool UseCompressedOops                        = true                           {product lp64_product} {ergonomic}
     bool UseG1GC                                  = true                                      {product} {ergonomic}
     bool UseLargePagesIndividualAllocation        = false                                  {pd product} {ergonomic}

Logging:
Log output configuration:
 #0: stdout all=warning uptime,level,tags
 #1: stderr all=off uptime,level,tags

Environment Variables:
JAVA_HOME=C:\Program Files\Java\jdk-17;C:\Program Files\Java\jdk-11.0.15.1
PATH=C:\Program Files\Common Files\Oracle\Java\javapath;C:\WINDOWS\system32;C:\WINDOWS;C:\WINDOWS\System32\Wbem;C:\WINDOWS\System32\WindowsPowerShell\v1.0\;C:\WINDOWS\System32\OpenSSH\;C:\Users\dipan\AppData\Local\nvm;C:\nvm4w\nodejs;C:\Program Files\Git\cmd;C:\Program Files\Git\bin;C:\Program Files\Java\jdk-17;C:\Program Files\Java\jdk-11.0.15.1\bin;C:\Program Files\Java\jdk-11.0.15.1;C:\Program Files\Meld\;C:\Program Files\Docker\Docker\resources\bin;C:\Program Files\MySQL\MySQL Shell 8.0\bin\;C:\Users\dipan\AppData\Local\Microsoft\WindowsApps;C:\Users\dipan\AppData\Local\nvm;C:\nvm4w\nodejs;C:\Users\dipan\AppData\Local\Programs\Microsoft VS Code\bin
USERNAME=dipan
OS=Windows_NT
PROCESSOR_IDENTIFIER=Intel64 Family 6 Model 126 Stepping 5, GenuineIntel



---------------  S Y S T E M  ---------------

OS:
 Windows 11 , 64 bit Build 26100 (10.0.26100.3912)
OS uptime: 32 days 5:06 hours
Hyper-V role detected

CPU: total 4 (initial active 4) (2 cores per cpu, 2 threads per core) family 6 model 126 stepping 5 microcode 0xa6, cx8, cmov, fxsr, ht, mmx, 3dnowpref, sse, sse2, sse3, ssse3, sse4.1, sse4.2, popcnt, lzcnt, tsc, tscinvbit, avx, avx2, aes, erms, clmul, bmi1, bmi2, adx, avx512f, avx512dq, avx512cd, avx512bw, avx512vl, sha, fma, vzeroupper, avx512_vpopcntdq, avx512_vpclmulqdq, avx512_vaes, avx512_vnni, clflush, clflushopt, avx512_vbmi2, avx512_vbmi, hv

Memory: 4k page, system-wide physical 3877M (425M free)
TotalPageFile size 15653M (AvailPageFile size 10M)
current process WorkingSet (physical memory assigned to process): 183M, peak: 183M
current process commit charge ("private bytes"): 223M, peak: 285M

vm_info: Java HotSpot(TM) 64-Bit Server VM (17.0.12+8-LTS-286) for windows-amd64 JRE (17.0.12+8-LTS-286), built on Jun  5 2024 06:46:59 by "mach5one" with MS VC++ 17.6 (VS2022)

END.
